\BOOKMARK [1][-]{section.1}{Definici\363n general del modelo y el problema}{}% 1
\BOOKMARK [2][-]{subsection.1.1}{Objetos del mundo}{section.1}% 2
\BOOKMARK [2][-]{subsection.1.2}{Predicados}{section.1}% 3
\BOOKMARK [2][-]{subsection.1.3}{Acciones}{section.1}% 4
\BOOKMARK [2][-]{subsection.1.4}{Problema planteado}{section.1}% 5
\BOOKMARK [1][-]{section.2}{Coste de desplazamiento}{}% 6
\BOOKMARK [2][-]{subsection.2.1}{Modificar el dominio}{section.2}% 7
\BOOKMARK [2][-]{subsection.2.2}{Extender el problema \(1\)}{section.2}% 8
\BOOKMARK [2][-]{subsection.2.3}{Extender el problema \(2\)}{section.2}% 9
\BOOKMARK [1][-]{section.3}{Distintos tipos de zonas y mochila}{}% 10
\BOOKMARK [2][-]{subsection.3.1}{Modificar el dominio para zonas}{section.3}% 11
\BOOKMARK [2][-]{subsection.3.2}{Modificar el dominio para mochila}{section.3}% 12
\BOOKMARK [2][-]{subsection.3.3}{Extender el problema}{section.3}% 13
\BOOKMARK [1][-]{section.4}{Puntos por regalos}{}% 14
\BOOKMARK [2][-]{subsection.4.1}{Modificar el dominio}{section.4}% 15
\BOOKMARK [2][-]{subsection.4.2}{Modificar el problema}{section.4}% 16
\BOOKMARK [1][-]{section.5}{Bolsillo m\341gico de los personajes}{}% 17
\BOOKMARK [2][-]{subsection.5.1}{Modificar el dominio}{section.5}% 18
\BOOKMARK [2][-]{subsection.5.2}{Modificar el problema}{section.5}% 19
\BOOKMARK [1][-]{section.6}{Dos jugadores cooperantes}{}% 20
\BOOKMARK [2][-]{subsection.6.1}{Modificar el dominio}{section.6}% 21
\BOOKMARK [2][-]{subsection.6.2}{Modificar el problema \(1\)}{section.6}% 22
\BOOKMARK [2][-]{subsection.6.3}{Modificar el problema \(2\)}{section.6}% 23
\BOOKMARK [1][-]{section.7}{Robots diferenciados}{}% 24
\BOOKMARK [2][-]{subsection.7.1}{Corrigiendo los errores anteriores}{section.7}% 25
\BOOKMARK [2][-]{subsection.7.2}{Modificar el modelo}{section.7}% 26
\BOOKMARK [2][-]{subsection.7.3}{Modificar el problema \(1\)}{section.7}% 27
\BOOKMARK [2][-]{subsection.7.4}{Modificar el problema \(2\)}{section.7}% 28
\BOOKMARK [2][-]{subsection.7.5}{Modificar el problema \(3\)}{section.7}% 29
\BOOKMARK [1][-]{section.8}{Salidas}{}% 30
