This is pdfTeX, Version 3.14159265-2.6-1.40.19 (MiKTeX 2.9.6650) (preloaded format=pdflatex 2018.4.2)  14 APR 2018 23:04
entering extended mode
**./documentacion.tex
(documentacion.tex
LaTeX2e <2017-04-15>
Babel <3.18> and hyphenation patterns for 0 language(s) loaded.
(/home/guillermo/.miktex/texmfs/install/tex/latex/base/article.cls
Document Class: article 2014/09/29 v1.4h Standard LaTeX document class
(/home/guillermo/.miktex/texmfs/install/tex/latex/base/size10.clo
File: size10.clo 2014/09/29 v1.4h Standard LaTeX file (size option)
)
\c@part=\count79
\c@section=\count80
\c@subsection=\count81
\c@subsubsection=\count82
\c@paragraph=\count83
\c@subparagraph=\count84
\c@figure=\count85
\c@table=\count86
\abovecaptionskip=\skip41
\belowcaptionskip=\skip42
\bibindent=\dimen102
)
(/home/guillermo/.miktex/texmfs/install/tex/latex/lm/lmodern.sty
Package: lmodern 2009/10/30 v1.6 Latin Modern Fonts
LaTeX Font Info:    Overwriting symbol font `operators' in version `normal'
(Font)                  OT1/cmr/m/n --> OT1/lmr/m/n on input line 22.
LaTeX Font Info:    Overwriting symbol font `letters' in version `normal'
(Font)                  OML/cmm/m/it --> OML/lmm/m/it on input line 23.
LaTeX Font Info:    Overwriting symbol font `symbols' in version `normal'
(Font)                  OMS/cmsy/m/n --> OMS/lmsy/m/n on input line 24.
LaTeX Font Info:    Overwriting symbol font `largesymbols' in version `normal'
(Font)                  OMX/cmex/m/n --> OMX/lmex/m/n on input line 25.
LaTeX Font Info:    Overwriting symbol font `operators' in version `bold'
(Font)                  OT1/cmr/bx/n --> OT1/lmr/bx/n on input line 26.
LaTeX Font Info:    Overwriting symbol font `letters' in version `bold'
(Font)                  OML/cmm/b/it --> OML/lmm/b/it on input line 27.
LaTeX Font Info:    Overwriting symbol font `symbols' in version `bold'
(Font)                  OMS/cmsy/b/n --> OMS/lmsy/b/n on input line 28.
LaTeX Font Info:    Overwriting symbol font `largesymbols' in version `bold'
(Font)                  OMX/cmex/m/n --> OMX/lmex/m/n on input line 29.
LaTeX Font Info:    Overwriting math alphabet `\mathbf' in version `normal'
(Font)                  OT1/cmr/bx/n --> OT1/lmr/bx/n on input line 31.
LaTeX Font Info:    Overwriting math alphabet `\mathsf' in version `normal'
(Font)                  OT1/cmss/m/n --> OT1/lmss/m/n on input line 32.
LaTeX Font Info:    Overwriting math alphabet `\mathit' in version `normal'
(Font)                  OT1/cmr/m/it --> OT1/lmr/m/it on input line 33.
LaTeX Font Info:    Overwriting math alphabet `\mathtt' in version `normal'
(Font)                  OT1/cmtt/m/n --> OT1/lmtt/m/n on input line 34.
LaTeX Font Info:    Overwriting math alphabet `\mathbf' in version `bold'
(Font)                  OT1/cmr/bx/n --> OT1/lmr/bx/n on input line 35.
LaTeX Font Info:    Overwriting math alphabet `\mathsf' in version `bold'
(Font)                  OT1/cmss/bx/n --> OT1/lmss/bx/n on input line 36.
LaTeX Font Info:    Overwriting math alphabet `\mathit' in version `bold'
(Font)                  OT1/cmr/bx/it --> OT1/lmr/bx/it on input line 37.
LaTeX Font Info:    Overwriting math alphabet `\mathtt' in version `bold'
(Font)                  OT1/cmtt/m/n --> OT1/lmtt/m/n on input line 38.
)
(/home/guillermo/.miktex/texmfs/install/tex/latex/base/fontenc.sty
Package: fontenc 2017/04/05 v2.0i Standard LaTeX package

(/home/guillermo/.miktex/texmfs/install/tex/latex/base/t1enc.def
File: t1enc.def 2017/04/05 v2.0i Standard LaTeX file
LaTeX Font Info:    Redeclaring font encoding T1 on input line 48.
))
(/home/guillermo/.miktex/texmfs/install/tex/generic/babel/babel.sty
Package: babel 2018/02/14 3.18 The Babel package

(/home/guillermo/.miktex/texmfs/install/tex/generic/babel/switch.def
File: switch.def 2018/02/14 3.18 Babel switching mechanism
)
*************************************
* Local config file bblopts.cfg used
*
(/home/guillermo/.miktex/texmfs/install/tex/latex/arabi/bblopts.cfg
File: bblopts.cfg 2005/09/08 v0.1 add Arabic and Farsi to "declared" options of
 babel
)
(/home/guillermo/.miktex/texmfs/install/tex/latex/babel-spanish/spanish.ldf
Language: spanish.ldf 2016/03/03 v5.0p Spanish support from the babel system

(/home/guillermo/.miktex/texmfs/install/tex/generic/babel/babel.def
File: babel.def 2018/02/14 3.18 Babel common definitions
\babel@savecnt=\count87
\U@D=\dimen103

(/home/guillermo/.miktex/texmfs/install/tex/generic/babel/txtbabel.def)
\bbl@dirlevel=\count88
)

Package babel Warning: No hyphenation patterns were preloaded for
(babel)                the language `Spanish' into the format.
(babel)                Please, configure your TeX system to add them and
(babel)                rebuild the format. Now I will use the patterns
(babel)                preloaded for \language=0 instead on input line 51.

\l@spanish = a dialect from \language0
\es@quottoks=\toks14
\es@quotdepth=\count89
Package babel Info: Making " an active character on input line 561.
Package babel Info: Making . an active character on input line 662.
Package babel Info: Making < an active character on input line 707.
Package babel Info: Making > an active character on input line 707.
Package babel Info: Making ' an active character on input line 725.
)) (/home/guillermo/.miktex/texmfs/install/tex/latex/mathtools/mathtools.sty
Package: mathtools 2018/01/08 v1.21 mathematical typesetting tools

(/home/guillermo/.miktex/texmfs/install/tex/latex/graphics/keyval.sty
Package: keyval 2014/10/28 v1.15 key=value parser (DPC)
\KV@toks@=\toks15
)
(/home/guillermo/.miktex/texmfs/install/tex/latex/tools/calc.sty
Package: calc 2014/10/28 v4.3 Infix arithmetic (KKT,FJ)
\calc@Acount=\count90
\calc@Bcount=\count91
\calc@Adimen=\dimen104
\calc@Bdimen=\dimen105
\calc@Askip=\skip43
\calc@Bskip=\skip44
LaTeX Info: Redefining \setlength on input line 80.
LaTeX Info: Redefining \addtolength on input line 81.
\calc@Ccount=\count92
\calc@Cskip=\skip45
)
(/home/guillermo/.miktex/texmfs/install/tex/latex/mathtools/mhsetup.sty
Package: mhsetup 2017/03/31 v1.3 programming setup (MH)
)
(/home/guillermo/.miktex/texmfs/install/tex/latex/amsmath/amsmath.sty
Package: amsmath 2017/09/02 v2.17a AMS math features
\@mathmargin=\skip46

For additional information on amsmath, use the `?' option.
(/home/guillermo/.miktex/texmfs/install/tex/latex/amsmath/amstext.sty
Package: amstext 2000/06/29 v2.01 AMS text

(/home/guillermo/.miktex/texmfs/install/tex/latex/amsmath/amsgen.sty
File: amsgen.sty 1999/11/30 v2.0 generic functions
\@emptytoks=\toks16
\ex@=\dimen106
))
(/home/guillermo/.miktex/texmfs/install/tex/latex/amsmath/amsbsy.sty
Package: amsbsy 1999/11/29 v1.2d Bold Symbols
\pmbraise@=\dimen107
)
(/home/guillermo/.miktex/texmfs/install/tex/latex/amsmath/amsopn.sty
Package: amsopn 2016/03/08 v2.02 operator names
)
\inf@bad=\count93
LaTeX Info: Redefining \frac on input line 213.
\uproot@=\count94
\leftroot@=\count95
LaTeX Info: Redefining \overline on input line 375.
\classnum@=\count96
\DOTSCASE@=\count97
LaTeX Info: Redefining \ldots on input line 472.
LaTeX Info: Redefining \dots on input line 475.
LaTeX Info: Redefining \cdots on input line 596.
\Mathstrutbox@=\box26
\strutbox@=\box27
\big@size=\dimen108
LaTeX Font Info:    Redeclaring font encoding OML on input line 712.
LaTeX Font Info:    Redeclaring font encoding OMS on input line 713.
\macc@depth=\count98
\c@MaxMatrixCols=\count99
\dotsspace@=\muskip10
\c@parentequation=\count100
\dspbrk@lvl=\count101
\tag@help=\toks17
\row@=\count102
\column@=\count103
\maxfields@=\count104
\andhelp@=\toks18
\eqnshift@=\dimen109
\alignsep@=\dimen110
\tagshift@=\dimen111
\tagwidth@=\dimen112
\totwidth@=\dimen113
\lineht@=\dimen114
\@envbody=\toks19
\multlinegap=\skip47
\multlinetaggap=\skip48
\mathdisplay@stack=\toks20
LaTeX Info: Redefining \[ on input line 2817.
LaTeX Info: Redefining \] on input line 2818.
)
LaTeX Info: Thecontrolsequence`\('isalreadyrobust on input line 129.
LaTeX Info: Thecontrolsequence`\)'isalreadyrobust on input line 129.
LaTeX Info: Thecontrolsequence`\['isalreadyrobust on input line 129.
LaTeX Info: Thecontrolsequence`\]'isalreadyrobust on input line 129.
\g_MT_multlinerow_int=\count105
\l_MT_multwidth_dim=\dimen115
\origjot=\skip49
\l_MT_shortvdotswithinadjustabove_dim=\dimen116
\l_MT_shortvdotswithinadjustbelow_dim=\dimen117
\l_MT_above_intertext_sep=\dimen118
\l_MT_below_intertext_sep=\dimen119
\l_MT_above_shortintertext_sep=\dimen120
\l_MT_below_shortintertext_sep=\dimen121
)
(/home/guillermo/.miktex/texmfs/install/tex/latex/base/inputenc.sty
Package: inputenc 2015/03/17 v1.2c Input encoding file
\inpenc@prehook=\toks21
\inpenc@posthook=\toks22

(/home/guillermo/.miktex/texmfs/install/tex/latex/base/utf8.def
File: utf8.def 2017/01/28 v1.1t UTF-8 support for inputenc
Now handling font encoding OML ...
... no UTF-8 mapping file for font encoding OML
Now handling font encoding T1 ...
... processing UTF-8 mapping file for font encoding T1

(/home/guillermo/.miktex/texmfs/install/tex/latex/base/t1enc.dfu
File: t1enc.dfu 2017/01/28 v1.1t UTF-8 support for inputenc
   defining Unicode char U+00A0 (decimal 160)
   defining Unicode char U+00A1 (decimal 161)
   defining Unicode char U+00A3 (decimal 163)
   defining Unicode char U+00AB (decimal 171)
   defining Unicode char U+00AD (decimal 173)
   defining Unicode char U+00BB (decimal 187)
   defining Unicode char U+00BF (decimal 191)
   defining Unicode char U+00C0 (decimal 192)
   defining Unicode char U+00C1 (decimal 193)
   defining Unicode char U+00C2 (decimal 194)
   defining Unicode char U+00C3 (decimal 195)
   defining Unicode char U+00C4 (decimal 196)
   defining Unicode char U+00C5 (decimal 197)
   defining Unicode char U+00C6 (decimal 198)
   defining Unicode char U+00C7 (decimal 199)
   defining Unicode char U+00C8 (decimal 200)
   defining Unicode char U+00C9 (decimal 201)
   defining Unicode char U+00CA (decimal 202)
   defining Unicode char U+00CB (decimal 203)
   defining Unicode char U+00CC (decimal 204)
   defining Unicode char U+00CD (decimal 205)
   defining Unicode char U+00CE (decimal 206)
   defining Unicode char U+00CF (decimal 207)
   defining Unicode char U+00D0 (decimal 208)
   defining Unicode char U+00D1 (decimal 209)
   defining Unicode char U+00D2 (decimal 210)
   defining Unicode char U+00D3 (decimal 211)
   defining Unicode char U+00D4 (decimal 212)
   defining Unicode char U+00D5 (decimal 213)
   defining Unicode char U+00D6 (decimal 214)
   defining Unicode char U+00D8 (decimal 216)
   defining Unicode char U+00D9 (decimal 217)
   defining Unicode char U+00DA (decimal 218)
   defining Unicode char U+00DB (decimal 219)
   defining Unicode char U+00DC (decimal 220)
   defining Unicode char U+00DD (decimal 221)
   defining Unicode char U+00DE (decimal 222)
   defining Unicode char U+00DF (decimal 223)
   defining Unicode char U+00E0 (decimal 224)
   defining Unicode char U+00E1 (decimal 225)
   defining Unicode char U+00E2 (decimal 226)
   defining Unicode char U+00E3 (decimal 227)
   defining Unicode char U+00E4 (decimal 228)
   defining Unicode char U+00E5 (decimal 229)
   defining Unicode char U+00E6 (decimal 230)
   defining Unicode char U+00E7 (decimal 231)
   defining Unicode char U+00E8 (decimal 232)
   defining Unicode char U+00E9 (decimal 233)
   defining Unicode char U+00EA (decimal 234)
   defining Unicode char U+00EB (decimal 235)
   defining Unicode char U+00EC (decimal 236)
   defining Unicode char U+00ED (decimal 237)
   defining Unicode char U+00EE (decimal 238)
   defining Unicode char U+00EF (decimal 239)
   defining Unicode char U+00F0 (decimal 240)
   defining Unicode char U+00F1 (decimal 241)
   defining Unicode char U+00F2 (decimal 242)
   defining Unicode char U+00F3 (decimal 243)
   defining Unicode char U+00F4 (decimal 244)
   defining Unicode char U+00F5 (decimal 245)
   defining Unicode char U+00F6 (decimal 246)
   defining Unicode char U+00F8 (decimal 248)
   defining Unicode char U+00F9 (decimal 249)
   defining Unicode char U+00FA (decimal 250)
   defining Unicode char U+00FB (decimal 251)
   defining Unicode char U+00FC (decimal 252)
   defining Unicode char U+00FD (decimal 253)
   defining Unicode char U+00FE (decimal 254)
   defining Unicode char U+00FF (decimal 255)
   defining Unicode char U+0100 (decimal 256)
   defining Unicode char U+0101 (decimal 257)
   defining Unicode char U+0102 (decimal 258)
   defining Unicode char U+0103 (decimal 259)
   defining Unicode char U+0104 (decimal 260)
   defining Unicode char U+0105 (decimal 261)
   defining Unicode char U+0106 (decimal 262)
   defining Unicode char U+0107 (decimal 263)
   defining Unicode char U+0108 (decimal 264)
   defining Unicode char U+0109 (decimal 265)
   defining Unicode char U+010A (decimal 266)
   defining Unicode char U+010B (decimal 267)
   defining Unicode char U+010C (decimal 268)
   defining Unicode char U+010D (decimal 269)
   defining Unicode char U+010E (decimal 270)
   defining Unicode char U+010F (decimal 271)
   defining Unicode char U+0110 (decimal 272)
   defining Unicode char U+0111 (decimal 273)
   defining Unicode char U+0112 (decimal 274)
   defining Unicode char U+0113 (decimal 275)
   defining Unicode char U+0114 (decimal 276)
   defining Unicode char U+0115 (decimal 277)
   defining Unicode char U+0116 (decimal 278)
   defining Unicode char U+0117 (decimal 279)
   defining Unicode char U+0118 (decimal 280)
   defining Unicode char U+0119 (decimal 281)
   defining Unicode char U+011A (decimal 282)
   defining Unicode char U+011B (decimal 283)
   defining Unicode char U+011C (decimal 284)
   defining Unicode char U+011D (decimal 285)
   defining Unicode char U+011E (decimal 286)
   defining Unicode char U+011F (decimal 287)
   defining Unicode char U+0120 (decimal 288)
   defining Unicode char U+0121 (decimal 289)
   defining Unicode char U+0122 (decimal 290)
   defining Unicode char U+0123 (decimal 291)
   defining Unicode char U+0124 (decimal 292)
   defining Unicode char U+0125 (decimal 293)
   defining Unicode char U+0128 (decimal 296)
   defining Unicode char U+0129 (decimal 297)
   defining Unicode char U+012A (decimal 298)
   defining Unicode char U+012B (decimal 299)
   defining Unicode char U+012C (decimal 300)
   defining Unicode char U+012D (decimal 301)
   defining Unicode char U+012E (decimal 302)
   defining Unicode char U+012F (decimal 303)
   defining Unicode char U+0130 (decimal 304)
   defining Unicode char U+0131 (decimal 305)
   defining Unicode char U+0132 (decimal 306)
   defining Unicode char U+0133 (decimal 307)
   defining Unicode char U+0134 (decimal 308)
   defining Unicode char U+0135 (decimal 309)
   defining Unicode char U+0136 (decimal 310)
   defining Unicode char U+0137 (decimal 311)
   defining Unicode char U+0139 (decimal 313)
   defining Unicode char U+013A (decimal 314)
   defining Unicode char U+013B (decimal 315)
   defining Unicode char U+013C (decimal 316)
   defining Unicode char U+013D (decimal 317)
   defining Unicode char U+013E (decimal 318)
   defining Unicode char U+0141 (decimal 321)
   defining Unicode char U+0142 (decimal 322)
   defining Unicode char U+0143 (decimal 323)
   defining Unicode char U+0144 (decimal 324)
   defining Unicode char U+0145 (decimal 325)
   defining Unicode char U+0146 (decimal 326)
   defining Unicode char U+0147 (decimal 327)
   defining Unicode char U+0148 (decimal 328)
   defining Unicode char U+014A (decimal 330)
   defining Unicode char U+014B (decimal 331)
   defining Unicode char U+014C (decimal 332)
   defining Unicode char U+014D (decimal 333)
   defining Unicode char U+014E (decimal 334)
   defining Unicode char U+014F (decimal 335)
   defining Unicode char U+0150 (decimal 336)
   defining Unicode char U+0151 (decimal 337)
   defining Unicode char U+0152 (decimal 338)
   defining Unicode char U+0153 (decimal 339)
   defining Unicode char U+0154 (decimal 340)
   defining Unicode char U+0155 (decimal 341)
   defining Unicode char U+0156 (decimal 342)
   defining Unicode char U+0157 (decimal 343)
   defining Unicode char U+0158 (decimal 344)
   defining Unicode char U+0159 (decimal 345)
   defining Unicode char U+015A (decimal 346)
   defining Unicode char U+015B (decimal 347)
   defining Unicode char U+015C (decimal 348)
   defining Unicode char U+015D (decimal 349)
   defining Unicode char U+015E (decimal 350)
   defining Unicode char U+015F (decimal 351)
   defining Unicode char U+0160 (decimal 352)
   defining Unicode char U+0161 (decimal 353)
   defining Unicode char U+0162 (decimal 354)
   defining Unicode char U+0163 (decimal 355)
   defining Unicode char U+0164 (decimal 356)
   defining Unicode char U+0165 (decimal 357)
   defining Unicode char U+0168 (decimal 360)
   defining Unicode char U+0169 (decimal 361)
   defining Unicode char U+016A (decimal 362)
   defining Unicode char U+016B (decimal 363)
   defining Unicode char U+016C (decimal 364)
   defining Unicode char U+016D (decimal 365)
   defining Unicode char U+016E (decimal 366)
   defining Unicode char U+016F (decimal 367)
   defining Unicode char U+0170 (decimal 368)
   defining Unicode char U+0171 (decimal 369)
   defining Unicode char U+0172 (decimal 370)
   defining Unicode char U+0173 (decimal 371)
   defining Unicode char U+0174 (decimal 372)
   defining Unicode char U+0175 (decimal 373)
   defining Unicode char U+0176 (decimal 374)
   defining Unicode char U+0177 (decimal 375)
   defining Unicode char U+0178 (decimal 376)
   defining Unicode char U+0179 (decimal 377)
   defining Unicode char U+017A (decimal 378)
   defining Unicode char U+017B (decimal 379)
   defining Unicode char U+017C (decimal 380)
   defining Unicode char U+017D (decimal 381)
   defining Unicode char U+017E (decimal 382)
   defining Unicode char U+01CD (decimal 461)
   defining Unicode char U+01CE (decimal 462)
   defining Unicode char U+01CF (decimal 463)
   defining Unicode char U+01D0 (decimal 464)
   defining Unicode char U+01D1 (decimal 465)
   defining Unicode char U+01D2 (decimal 466)
   defining Unicode char U+01D3 (decimal 467)
   defining Unicode char U+01D4 (decimal 468)
   defining Unicode char U+01E2 (decimal 482)
   defining Unicode char U+01E3 (decimal 483)
   defining Unicode char U+01E6 (decimal 486)
   defining Unicode char U+01E7 (decimal 487)
   defining Unicode char U+01E8 (decimal 488)
   defining Unicode char U+01E9 (decimal 489)
   defining Unicode char U+01EA (decimal 490)
   defining Unicode char U+01EB (decimal 491)
   defining Unicode char U+01F0 (decimal 496)
   defining Unicode char U+01F4 (decimal 500)
   defining Unicode char U+01F5 (decimal 501)
   defining Unicode char U+0218 (decimal 536)
   defining Unicode char U+0219 (decimal 537)
   defining Unicode char U+021A (decimal 538)
   defining Unicode char U+021B (decimal 539)
   defining Unicode char U+0232 (decimal 562)
   defining Unicode char U+0233 (decimal 563)
   defining Unicode char U+1E02 (decimal 7682)
   defining Unicode char U+1E03 (decimal 7683)
   defining Unicode char U+200C (decimal 8204)
   defining Unicode char U+2010 (decimal 8208)
   defining Unicode char U+2011 (decimal 8209)
   defining Unicode char U+2012 (decimal 8210)
   defining Unicode char U+2013 (decimal 8211)
   defining Unicode char U+2014 (decimal 8212)
   defining Unicode char U+2015 (decimal 8213)
   defining Unicode char U+2018 (decimal 8216)
   defining Unicode char U+2019 (decimal 8217)
   defining Unicode char U+201A (decimal 8218)
   defining Unicode char U+201C (decimal 8220)
   defining Unicode char U+201D (decimal 8221)
   defining Unicode char U+201E (decimal 8222)
   defining Unicode char U+2030 (decimal 8240)
   defining Unicode char U+2031 (decimal 8241)
   defining Unicode char U+2039 (decimal 8249)
   defining Unicode char U+203A (decimal 8250)
   defining Unicode char U+2423 (decimal 9251)
   defining Unicode char U+1E20 (decimal 7712)
   defining Unicode char U+1E21 (decimal 7713)
)
Now handling font encoding OT1 ...
... processing UTF-8 mapping file for font encoding OT1

(/home/guillermo/.miktex/texmfs/install/tex/latex/base/ot1enc.dfu
File: ot1enc.dfu 2017/01/28 v1.1t UTF-8 support for inputenc
   defining Unicode char U+00A0 (decimal 160)
   defining Unicode char U+00A1 (decimal 161)
   defining Unicode char U+00A3 (decimal 163)
   defining Unicode char U+00AD (decimal 173)
   defining Unicode char U+00B8 (decimal 184)
   defining Unicode char U+00BF (decimal 191)
   defining Unicode char U+00C5 (decimal 197)
   defining Unicode char U+00C6 (decimal 198)
   defining Unicode char U+00D8 (decimal 216)
   defining Unicode char U+00DF (decimal 223)
   defining Unicode char U+00E6 (decimal 230)
   defining Unicode char U+00EC (decimal 236)
   defining Unicode char U+00ED (decimal 237)
   defining Unicode char U+00EE (decimal 238)
   defining Unicode char U+00EF (decimal 239)
   defining Unicode char U+00F8 (decimal 248)
   defining Unicode char U+0131 (decimal 305)
   defining Unicode char U+0141 (decimal 321)
   defining Unicode char U+0142 (decimal 322)
   defining Unicode char U+0152 (decimal 338)
   defining Unicode char U+0153 (decimal 339)
   defining Unicode char U+0174 (decimal 372)
   defining Unicode char U+0175 (decimal 373)
   defining Unicode char U+0176 (decimal 374)
   defining Unicode char U+0177 (decimal 375)
   defining Unicode char U+0218 (decimal 536)
   defining Unicode char U+0219 (decimal 537)
   defining Unicode char U+021A (decimal 538)
   defining Unicode char U+021B (decimal 539)
   defining Unicode char U+2013 (decimal 8211)
   defining Unicode char U+2014 (decimal 8212)
   defining Unicode char U+2018 (decimal 8216)
   defining Unicode char U+2019 (decimal 8217)
   defining Unicode char U+201C (decimal 8220)
   defining Unicode char U+201D (decimal 8221)
)
Now handling font encoding OMS ...
... processing UTF-8 mapping file for font encoding OMS

(/home/guillermo/.miktex/texmfs/install/tex/latex/base/omsenc.dfu
File: omsenc.dfu 2017/01/28 v1.1t UTF-8 support for inputenc
   defining Unicode char U+00A7 (decimal 167)
   defining Unicode char U+00B6 (decimal 182)
   defining Unicode char U+00B7 (decimal 183)
   defining Unicode char U+2020 (decimal 8224)
   defining Unicode char U+2021 (decimal 8225)
   defining Unicode char U+2022 (decimal 8226)
)
Now handling font encoding OMX ...
... no UTF-8 mapping file for font encoding OMX
Now handling font encoding U ...
... no UTF-8 mapping file for font encoding U
   defining Unicode char U+00A9 (decimal 169)
   defining Unicode char U+00AA (decimal 170)
   defining Unicode char U+00AE (decimal 174)
   defining Unicode char U+00BA (decimal 186)
   defining Unicode char U+02C6 (decimal 710)
   defining Unicode char U+02DC (decimal 732)
   defining Unicode char U+200C (decimal 8204)
   defining Unicode char U+2026 (decimal 8230)
   defining Unicode char U+2122 (decimal 8482)
   defining Unicode char U+2423 (decimal 9251)
))
(/home/guillermo/.miktex/texmfs/install/tex/latex/hyperref/hyperref.sty
Package: hyperref 2018/02/06 v6.86b Hypertext links for LaTeX

(/home/guillermo/.miktex/texmfs/install/tex/generic/oberdiek/hobsub-hyperref.st
y
Package: hobsub-hyperref 2016/05/16 v1.14 Bundle oberdiek, subset hyperref (HO)


(/home/guillermo/.miktex/texmfs/install/tex/generic/oberdiek/hobsub-generic.sty
Package: hobsub-generic 2016/05/16 v1.14 Bundle oberdiek, subset generic (HO)
Package: hobsub 2016/05/16 v1.14 Construct package bundles (HO)
Package: infwarerr 2016/05/16 v1.4 Providing info/warning/error messages (HO)
Package: ltxcmds 2016/05/16 v1.23 LaTeX kernel commands for general use (HO)
Package: ifluatex 2016/05/16 v1.4 Provides the ifluatex switch (HO)
Package ifluatex Info: LuaTeX not detected.
Package: ifvtex 2016/05/16 v1.6 Detect VTeX and its facilities (HO)
Package ifvtex Info: VTeX not detected.
Package: intcalc 2016/05/16 v1.2 Expandable calculations with integers (HO)
Package: ifpdf 2017/03/15 v3.2 Provides the ifpdf switch
Package: etexcmds 2016/05/16 v1.6 Avoid name clashes with e-TeX commands (HO)
Package etexcmds Info: Could not find \expanded.
(etexcmds)             That can mean that you are not using pdfTeX 1.50 or
(etexcmds)             that some package has redefined \expanded.
(etexcmds)             In the latter case, load this package earlier.
Package: kvsetkeys 2016/05/16 v1.17 Key value parser (HO)
Package: kvdefinekeys 2016/05/16 v1.4 Define keys (HO)
Package: pdftexcmds 2018/01/30 v0.27 Utility functions of pdfTeX for LuaTeX (HO
)
Package pdftexcmds Info: LuaTeX not detected.
Package pdftexcmds Info: \pdf@primitive is available.
Package pdftexcmds Info: \pdf@ifprimitive is available.
Package pdftexcmds Info: \pdfdraftmode found.
Package: pdfescape 2016/05/16 v1.14 Implements pdfTeX's escape features (HO)
Package: bigintcalc 2016/05/16 v1.4 Expandable calculations on big integers (HO
)
Package: bitset 2016/05/16 v1.2 Handle bit-vector datatype (HO)
Package: uniquecounter 2016/05/16 v1.3 Provide unlimited unique counter (HO)
)
Package hobsub Info: Skipping package `hobsub' (already loaded).
Package: letltxmacro 2016/05/16 v1.5 Let assignment for LaTeX macros (HO)
Package: hopatch 2016/05/16 v1.3 Wrapper for package hooks (HO)
Package: xcolor-patch 2016/05/16 xcolor patch
Package: atveryend 2016/05/16 v1.9 Hooks at the very end of document (HO)
Package atveryend Info: \enddocument detected (standard20110627).
Package: atbegshi 2016/06/09 v1.18 At begin shipout hook (HO)
Package: refcount 2016/05/16 v3.5 Data extraction from label references (HO)
Package: hycolor 2016/05/16 v1.8 Color options for hyperref/bookmark (HO)
) (/home/guillermo/.miktex/texmfs/install/tex/generic/ifxetex/ifxetex.sty
Package: ifxetex 2010/09/12 v0.6 Provides ifxetex conditional
)
(/home/guillermo/.miktex/texmfs/install/tex/latex/oberdiek/auxhook.sty
Package: auxhook 2016/05/16 v1.4 Hooks for auxiliary files (HO)
)
(/home/guillermo/.miktex/texmfs/install/tex/latex/oberdiek/kvoptions.sty
Package: kvoptions 2016/05/16 v3.12 Key value format for package options (HO)
)
\@linkdim=\dimen122
\Hy@linkcounter=\count106
\Hy@pagecounter=\count107

(/home/guillermo/.miktex/texmfs/install/tex/latex/hyperref/pd1enc.def
File: pd1enc.def 2018/02/06 v6.86b Hyperref: PDFDocEncoding definition (HO)
Now handling font encoding PD1 ...
... no UTF-8 mapping file for font encoding PD1
)
\Hy@SavedSpaceFactor=\count108

(/home/guillermo/.miktex/texmfs/install/tex/latex/00miktex/hyperref.cfg
File: hyperref.cfg 2002/06/06 v1.2 hyperref configuration of TeXLive
)
Package hyperref Info: Hyper figures OFF on input line 4509.
Package hyperref Info: Link nesting OFF on input line 4514.
Package hyperref Info: Hyper index ON on input line 4517.
Package hyperref Info: Plain pages OFF on input line 4524.
Package hyperref Info: Backreferencing OFF on input line 4529.
Package hyperref Info: Implicit mode ON; LaTeX internals redefined.
Package hyperref Info: Bookmarks ON on input line 4762.
\c@Hy@tempcnt=\count109

(/home/guillermo/.miktex/texmfs/install/tex/latex/url/url.sty
\Urlmuskip=\muskip11
Package: url 2013/09/16  ver 3.4  Verb mode for urls, etc.
)
LaTeX Info: Redefining \url on input line 5115.
\XeTeXLinkMargin=\dimen123
\Fld@menulength=\count110
\Field@Width=\dimen124
\Fld@charsize=\dimen125
Package hyperref Info: Hyper figures OFF on input line 6369.
Package hyperref Info: Link nesting OFF on input line 6374.
Package hyperref Info: Hyper index ON on input line 6377.
Package hyperref Info: backreferencing OFF on input line 6384.
Package hyperref Info: Link coloring OFF on input line 6389.
Package hyperref Info: Link coloring with OCG OFF on input line 6394.
Package hyperref Info: PDF/A mode OFF on input line 6399.
LaTeX Info: Redefining \ref on input line 6439.
LaTeX Info: Redefining \pageref on input line 6443.
\Hy@abspage=\count111
\c@Item=\count112
\c@Hfootnote=\count113
)
Package hyperref Info: Driver (autodetected): hpdftex.

(/home/guillermo/.miktex/texmfs/install/tex/latex/hyperref/hpdftex.def
File: hpdftex.def 2018/02/06 v6.86b Hyperref driver for pdfTeX
\Fld@listcount=\count114
\c@bookmark@seq@number=\count115

(/home/guillermo/.miktex/texmfs/install/tex/latex/oberdiek/rerunfilecheck.sty
Package: rerunfilecheck 2016/05/16 v1.8 Rerun checks for auxiliary files (HO)
Package uniquecounter Info: New unique counter `rerunfilecheck' on input line 2
82.
)
\Hy@SectionHShift=\skip50
) (/home/guillermo/.miktex/texmfs/install/tex/latex/listings/listings.sty
\lst@mode=\count116
\lst@gtempboxa=\box28
\lst@token=\toks23
\lst@length=\count117
\lst@currlwidth=\dimen126
\lst@column=\count118
\lst@pos=\count119
\lst@lostspace=\dimen127
\lst@width=\dimen128
\lst@newlines=\count120
\lst@lineno=\count121
\lst@maxwidth=\dimen129

(/home/guillermo/.miktex/texmfs/install/tex/latex/listings/lstmisc.sty
File: lstmisc.sty 2015/06/04 1.6 (Carsten Heinz)
\c@lstnumber=\count122
\lst@skipnumbers=\count123
\lst@framebox=\box29
)
(/home/guillermo/.miktex/texmfs/install/tex/latex/listings/listings.cfg
File: listings.cfg 2015/06/04 1.6 listings configuration
))
Package: listings 2015/06/04 1.6 (Carsten Heinz)

(/home/guillermo/.miktex/texmfs/install/tex/latex/listings/lstlang1.sty
File: lstlang1.sty 2015/06/04 1.6 listings language file
)
(/home/guillermo/.miktex/texmfs/install/tex/latex/listings/lstlang1.sty
File: lstlang1.sty 2015/06/04 1.6 listings language file
)
(/home/guillermo/.miktex/texmfs/install/tex/latex/graphics/graphicx.sty
Package: graphicx 2017/06/01 v1.1a Enhanced LaTeX Graphics (DPC,SPQR)

(/home/guillermo/.miktex/texmfs/install/tex/latex/graphics/graphics.sty
Package: graphics 2017/06/25 v1.2c Standard LaTeX Graphics (DPC,SPQR)

(/home/guillermo/.miktex/texmfs/install/tex/latex/graphics/trig.sty
Package: trig 2016/01/03 v1.10 sin cos tan (DPC)
)
(/home/guillermo/.miktex/texmfs/install/tex/latex/graphics-cfg/graphics.cfg
File: graphics.cfg 2016/06/04 v1.11 sample graphics configuration
)
Package graphics Info: Driver file: pdftex.def on input line 99.

(/home/guillermo/.miktex/texmfs/install/tex/latex/graphics-def/pdftex.def
File: pdftex.def 2018/01/08 v1.0l Graphics/color driver for pdftex
))
\Gin@req@height=\dimen130
\Gin@req@width=\dimen131
)
(/home/guillermo/.miktex/texmfs/install/tex/latex/amsfonts/amssymb.sty
Package: amssymb 2013/01/14 v3.01 AMS font symbols

(/home/guillermo/.miktex/texmfs/install/tex/latex/amsfonts/amsfonts.sty
Package: amsfonts 2013/01/14 v3.01 Basic AMSFonts support
\symAMSa=\mathgroup4
\symAMSb=\mathgroup5
LaTeX Font Info:    Overwriting math alphabet `\mathfrak' in version `bold'
(Font)                  U/euf/m/n --> U/euf/b/n on input line 106.
))
(/home/guillermo/.miktex/texmfs/install/tex/latex/stmaryrd/stmaryrd.sty
Package: stmaryrd 1994/03/03 St Mary's Road symbol package
\symstmry=\mathgroup6
LaTeX Font Info:    Overwriting symbol font `stmry' in version `bold'
(Font)                  U/stmry/m/n --> U/stmry/b/n on input line 89.
)
(documentacion.aux
LaTeX Info: Redefining \. on input line 24.
LaTeX Info: Redefining \% on input line 24.
)
\openout1 = `documentacion.aux'.

LaTeX Font Info:    Checking defaults for OML/cmm/m/it on input line 84.
LaTeX Font Info:    ... okay on input line 84.
LaTeX Font Info:    Checking defaults for T1/cmr/m/n on input line 84.
LaTeX Font Info:    ... okay on input line 84.
LaTeX Font Info:    Checking defaults for OT1/cmr/m/n on input line 84.
LaTeX Font Info:    ... okay on input line 84.
LaTeX Font Info:    Checking defaults for OMS/cmsy/m/n on input line 84.
LaTeX Font Info:    ... okay on input line 84.
LaTeX Font Info:    Checking defaults for OMX/cmex/m/n on input line 84.
LaTeX Font Info:    ... okay on input line 84.
LaTeX Font Info:    Checking defaults for U/cmr/m/n on input line 84.
LaTeX Font Info:    ... okay on input line 84.
LaTeX Font Info:    Checking defaults for PD1/pdf/m/n on input line 84.
LaTeX Font Info:    ... okay on input line 84.
LaTeX Font Info:    Try loading font information for T1+lmr on input line 84.

(/home/guillermo/.miktex/texmfs/install/tex/latex/lm/t1lmr.fd
File: t1lmr.fd 2009/10/30 v1.6 Font defs for Latin Modern
)
LaTeX Info: Redefining \. on input line 84.
LaTeX Info: Redefining \% on input line 84.
\AtBeginShipoutBox=\box30
Package hyperref Info: Link coloring OFF on input line 84.

(/home/guillermo/.miktex/texmfs/install/tex/latex/hyperref/nameref.sty
Package: nameref 2016/05/21 v2.44 Cross-referencing by name of section

(/home/guillermo/.miktex/texmfs/install/tex/generic/oberdiek/gettitlestring.sty
Package: gettitlestring 2016/05/16 v1.5 Cleanup title references (HO)
)
\c@section@level=\count124
)
LaTeX Info: Redefining \ref on input line 84.
LaTeX Info: Redefining \pageref on input line 84.
LaTeX Info: Redefining \nameref on input line 84.
 (documentacion.out) (documentacion.out)
\@outlinefile=\write3
\openout3 = `documentacion.out'.

\c@lstlisting=\count125

(/home/guillermo/.miktex/texmfs/install/tex/context/base/supp-pdf.mkii
[Loading MPS to PDF converter (version 2006.09.02).]
\scratchcounter=\count126
\scratchdimen=\dimen132
\scratchbox=\box31
\nofMPsegments=\count127
\nofMParguments=\count128
\everyMPshowfont=\toks24
\MPscratchCnt=\count129
\MPscratchDim=\dimen133
\MPnumerator=\count130
\makeMPintoPDFobject=\count131
\everyMPtoPDFconversion=\toks25
) (/home/guillermo/.miktex/texmfs/install/tex/latex/oberdiek/epstopdf-base.sty
Package: epstopdf-base 2016/05/15 v2.6 Base part for package epstopdf

(/home/guillermo/.miktex/texmfs/install/tex/latex/oberdiek/grfext.sty
Package: grfext 2016/05/16 v1.2 Manage graphics extensions (HO)
)
Package epstopdf-base Info: Redefining graphics rule for `.eps' on input line 4
38.
Package grfext Info: Graphics extension search list:
(grfext)             [.pdf,.png,.jpg,.mps,.jpeg,.jbig2,.jb2,.PDF,.PNG,.JPG,.JPE
G,.JBIG2,.JB2,.eps]
(grfext)             \AppendGraphicsExtensions on input line 456.
)
LaTeX Font Info:    Try loading font information for OT1+lmr on input line 88.

(/home/guillermo/.miktex/texmfs/install/tex/latex/lm/ot1lmr.fd
File: ot1lmr.fd 2009/10/30 v1.6 Font defs for Latin Modern
)
LaTeX Font Info:    Try loading font information for OML+lmm on input line 88.

(/home/guillermo/.miktex/texmfs/install/tex/latex/lm/omllmm.fd
File: omllmm.fd 2009/10/30 v1.6 Font defs for Latin Modern
)
LaTeX Font Info:    Try loading font information for OMS+lmsy on input line 88.


(/home/guillermo/.miktex/texmfs/install/tex/latex/lm/omslmsy.fd
File: omslmsy.fd 2009/10/30 v1.6 Font defs for Latin Modern
)
LaTeX Font Info:    Try loading font information for OMX+lmex on input line 88.


(/home/guillermo/.miktex/texmfs/install/tex/latex/lm/omxlmex.fd
File: omxlmex.fd 2009/10/30 v1.6 Font defs for Latin Modern
)
LaTeX Font Info:    External font `lmex10' loaded for size
(Font)              <12> on input line 88.
LaTeX Font Info:    External font `lmex10' loaded for size
(Font)              <8> on input line 88.
LaTeX Font Info:    External font `lmex10' loaded for size
(Font)              <6> on input line 88.
LaTeX Font Info:    Try loading font information for U+msa on input line 88.

(/home/guillermo/.miktex/texmfs/install/tex/latex/amsfonts/umsa.fd
File: umsa.fd 2013/01/14 v3.01 AMS symbols A
)
LaTeX Font Info:    Try loading font information for U+msb on input line 88.

(/home/guillermo/.miktex/texmfs/install/tex/latex/amsfonts/umsb.fd
File: umsb.fd 2013/01/14 v3.01 AMS symbols B
)
LaTeX Font Info:    Try loading font information for U+stmry on input line 88.

(/home/guillermo/.miktex/texmfs/install/tex/latex/stmaryrd/Ustmry.fd)
(documentacion.toc
LaTeX Info: Redefining \. on input line 1.
LaTeX Info: Redefining \% on input line 1.
LaTeX Font Info:    External font `lmex10' loaded for size
(Font)              <10> on input line 5.
LaTeX Font Info:    External font `lmex10' loaded for size
(Font)              <7> on input line 5.
LaTeX Font Info:    External font `lmex10' loaded for size
(Font)              <5> on input line 5.
)
\tf@toc=\write4
\openout4 = `documentacion.toc'.

Package babel Info: Redefining spanish shorthand <<
(babel)             in language append on input line 91.
Package babel Info: Redefining spanish shorthand >>
(babel)             in language append on input line 91.
Package babel Info: Redefining spanish shorthand "=
(babel)             in language append on input line 91.
Package babel Info: Redefining spanish shorthand "~
(babel)             in language append on input line 91.
Package babel Info: Redefining spanish shorthand "!
(babel)             in language append on input line 91.
Package babel Info: Redefining spanish shorthand "?
(babel)             in language append on input line 91.
Package babel Info: Redefining spanish shorthand <<
(babel)             in language append on input line 91.
Package babel Info: Redefining spanish shorthand >>
(babel)             in language append on input line 91.
Package babel Info: Redefining spanish shorthand "=
(babel)             in language append on input line 91.
Package babel Info: Redefining spanish shorthand "~
(babel)             in language append on input line 91.
Package babel Info: Redefining spanish shorthand "!
(babel)             in language append on input line 91.
Package babel Info: Redefining spanish shorthand "?
(babel)             in language append on input line 91.
 [1

{/home/guillermo/.miktex/texmfs/data/pdftex/config/pdftex.map}]
Package babel Info: Redefining spanish shorthand <<
(babel)             in language append on input line 92.
Package babel Info: Redefining spanish shorthand >>
(babel)             in language append on input line 92.
Package babel Info: Redefining spanish shorthand "=
(babel)             in language append on input line 92.
Package babel Info: Redefining spanish shorthand "~
(babel)             in language append on input line 92.
Package babel Info: Redefining spanish shorthand "!
(babel)             in language append on input line 92.
Package babel Info: Redefining spanish shorthand "?
(babel)             in language append on input line 92.

Overfull \hbox (3.33388pt too wide) in paragraph at lines 96--97
\T1/lmr/m/n/10 problema, y donde el planificador local interpretará este camino
 para ir realizando
 []


Overfull \hbox (10.52686pt too wide) in paragraph at lines 98--99
\T1/lmr/m/n/10 implementación de HPA* descartan la búsqueda de caminos óptimos 
para centrarse
 []

Package babel Info: Redefining spanish shorthand <<
(babel)             in language append on input line 101.
Package babel Info: Redefining spanish shorthand >>
(babel)             in language append on input line 101.
Package babel Info: Redefining spanish shorthand "=
(babel)             in language append on input line 101.
Package babel Info: Redefining spanish shorthand "~
(babel)             in language append on input line 101.
Package babel Info: Redefining spanish shorthand "!
(babel)             in language append on input line 101.
Package babel Info: Redefining spanish shorthand "?
(babel)             in language append on input line 101.
LaTeX Font Info:    Try loading font information for T1+lmtt on input line 104.

(/home/guillermo/.miktex/texmfs/install/tex/latex/lm/t1lmtt.fd
File: t1lmtt.fd 2009/10/30 v1.6 Font defs for Latin Modern
)
LaTeX Font Info:    Font shape `T1/lmtt/bx/n' in size <10> not available
(Font)              Font shape `T1/lmtt/b/n' tried instead on input line 109.
Package babel Info: Redefining spanish shorthand <<
(babel)             in language append on input line 114.
Package babel Info: Redefining spanish shorthand >>
(babel)             in language append on input line 114.
Package babel Info: Redefining spanish shorthand "=
(babel)             in language append on input line 114.
Package babel Info: Redefining spanish shorthand "~
(babel)             in language append on input line 114.
Package babel Info: Redefining spanish shorthand "!
(babel)             in language append on input line 114.
Package babel Info: Redefining spanish shorthand "?
(babel)             in language append on input line 114.
<costmap.png, id=64, 653.3208pt x 429.2838pt>
File: costmap.png Graphic file (type png)
<use costmap.png>
Package pdftex.def Info: costmap.png  used on input line 118.
(pdftex.def)             Requested size: 276.00105pt x 181.35257pt.
Package babel Info: Redefining spanish shorthand <<
(babel)             in language append on input line 120.
Package babel Info: Redefining spanish shorthand >>
(babel)             in language append on input line 120.
Package babel Info: Redefining spanish shorthand "=
(babel)             in language append on input line 120.
Package babel Info: Redefining spanish shorthand "~
(babel)             in language append on input line 120.
Package babel Info: Redefining spanish shorthand "!
(babel)             in language append on input line 120.
Package babel Info: Redefining spanish shorthand "?
(babel)             in language append on input line 120.
Package babel Info: Redefining spanish shorthand <<
(babel)             in language append on input line 120.
Package babel Info: Redefining spanish shorthand >>
(babel)             in language append on input line 120.
Package babel Info: Redefining spanish shorthand "=
(babel)             in language append on input line 120.
Package babel Info: Redefining spanish shorthand "~
(babel)             in language append on input line 120.
Package babel Info: Redefining spanish shorthand "!
(babel)             in language append on input line 120.
Package babel Info: Redefining spanish shorthand "?
(babel)             in language append on input line 120.
 [2]
Overfull \hbox (16.77644pt too wide) in paragraph at lines 130--131
[]\T1/lmr/m/n/10 Permitiendo en la función de generación de hermanos nodos con 
peor rendimiento
 []


Overfull \hbox (3.116pt too wide) in paragraph at lines 130--131
\T1/lmr/m/n/10 intentará caminos arriesgados. Para la implementación de HPA* he
mos eliminado
 []


Overfull \hbox (21.25157pt too wide) in paragraph at lines 130--131
\T1/lmr/m/n/10 esta opción y sólo consideramos celdas con coste $\OML/lmm/m/it/
10 < \OT1/lmr/m/n/10 128$\T1/lmr/m/n/10 , y aplicando consecuentemente
 []

Package babel Info: Redefining spanish shorthand <<
(babel)             in language append on input line 132.
Package babel Info: Redefining spanish shorthand >>
(babel)             in language append on input line 132.
Package babel Info: Redefining spanish shorthand "=
(babel)             in language append on input line 132.
Package babel Info: Redefining spanish shorthand "~
(babel)             in language append on input line 132.
Package babel Info: Redefining spanish shorthand "!
(babel)             in language append on input line 132.
Package babel Info: Redefining spanish shorthand "?
(babel)             in language append on input line 132.
Package babel Info: Redefining spanish shorthand <<
(babel)             in language append on input line 135.
Package babel Info: Redefining spanish shorthand >>
(babel)             in language append on input line 135.
Package babel Info: Redefining spanish shorthand "=
(babel)             in language append on input line 135.
Package babel Info: Redefining spanish shorthand "~
(babel)             in language append on input line 135.
Package babel Info: Redefining spanish shorthand "!
(babel)             in language append on input line 135.
Package babel Info: Redefining spanish shorthand "?
(babel)             in language append on input line 135.
Package babel Info: Redefining spanish shorthand <<
(babel)             in language append on input line 135.
Package babel Info: Redefining spanish shorthand >>
(babel)             in language append on input line 135.
Package babel Info: Redefining spanish shorthand "=
(babel)             in language append on input line 135.
Package babel Info: Redefining spanish shorthand "~
(babel)             in language append on input line 135.
Package babel Info: Redefining spanish shorthand "!
(babel)             in language append on input line 135.
Package babel Info: Redefining spanish shorthand "?
(babel)             in language append on input line 135.
[3 <./costmap.png>]
Package babel Info: Redefining spanish shorthand <<
(babel)             in language append on input line 136.
Package babel Info: Redefining spanish shorthand >>
(babel)             in language append on input line 136.
Package babel Info: Redefining spanish shorthand "=
(babel)             in language append on input line 136.
Package babel Info: Redefining spanish shorthand "~
(babel)             in language append on input line 136.
Package babel Info: Redefining spanish shorthand "!
(babel)             in language append on input line 136.
Package babel Info: Redefining spanish shorthand "?
(babel)             in language append on input line 136.
Package babel Info: Redefining spanish shorthand <<
(babel)             in language append on input line 140.
Package babel Info: Redefining spanish shorthand >>
(babel)             in language append on input line 140.
Package babel Info: Redefining spanish shorthand "=
(babel)             in language append on input line 140.
Package babel Info: Redefining spanish shorthand "~
(babel)             in language append on input line 140.
Package babel Info: Redefining spanish shorthand "!
(babel)             in language append on input line 140.
Package babel Info: Redefining spanish shorthand "?
(babel)             in language append on input line 140.
<rowMap.jpg, id=91, 1169.36874pt x 948.54375pt>
File: rowMap.jpg Graphic file (type jpg)
<use rowMap.jpg>
Package pdftex.def Info: rowMap.jpg  used on input line 144.
(pdftex.def)             Requested size: 276.00105pt x 223.87753pt.

Overfull \hbox (2.77776pt too wide) in paragraph at lines 144--145
[]\T1/lmr/m/n/10 [ 
 []

<colMap.jpg, id=92, 1169.36874pt x 948.54375pt>
File: colMap.jpg Graphic file (type jpg)
<use colMap.jpg>
Package pdftex.def Info: colMap.jpg  used on input line 148.
(pdftex.def)             Requested size: 276.00105pt x 223.87753pt.
Package babel Info: Redefining spanish shorthand <<
(babel)             in language append on input line 150.
Package babel Info: Redefining spanish shorthand >>
(babel)             in language append on input line 150.
Package babel Info: Redefining spanish shorthand "=
(babel)             in language append on input line 150.
Package babel Info: Redefining spanish shorthand "~
(babel)             in language append on input line 150.
Package babel Info: Redefining spanish shorthand "!
(babel)             in language append on input line 150.
Package babel Info: Redefining spanish shorthand "?
(babel)             in language append on input line 150.
Package babel Info: Redefining spanish shorthand <<
(babel)             in language append on input line 150.
Package babel Info: Redefining spanish shorthand >>
(babel)             in language append on input line 150.
Package babel Info: Redefining spanish shorthand "=
(babel)             in language append on input line 150.
Package babel Info: Redefining spanish shorthand "~
(babel)             in language append on input line 150.
Package babel Info: Redefining spanish shorthand "!
(babel)             in language append on input line 150.
Package babel Info: Redefining spanish shorthand "?
(babel)             in language append on input line 150.
[4 <./rowMap.jpg>]
Overfull \hbox (16.41693pt too wide) in paragraph at lines 150--151
[]\T1/lmr/m/n/10 Finalmente realizo la intersección de los dos mapas y adhiero 
aquellos rectángulos
 []

<borderMap.jpg, id=97, 1169.36874pt x 948.54375pt>
File: borderMap.jpg Graphic file (type jpg)
<use borderMap.jpg>
Package pdftex.def Info: borderMap.jpg  used on input line 152.
(pdftex.def)             Requested size: 276.00105pt x 223.87753pt.

Overfull \hbox (11.63919pt too wide) in paragraph at lines 156--157
[]\T1/lmr/m/n/10 Cabe aclarar que los rectángulos no son tal y aquellos próximo
s a irregularidades
 []

Package babel Info: Redefining spanish shorthand <<
(babel)             in language append on input line 157.
Package babel Info: Redefining spanish shorthand >>
(babel)             in language append on input line 157.
Package babel Info: Redefining spanish shorthand "=
(babel)             in language append on input line 157.
Package babel Info: Redefining spanish shorthand "~
(babel)             in language append on input line 157.
Package babel Info: Redefining spanish shorthand "!
(babel)             in language append on input line 157.
Package babel Info: Redefining spanish shorthand "?
(babel)             in language append on input line 157.
Package babel Info: Redefining spanish shorthand <<
(babel)             in language append on input line 157.
Package babel Info: Redefining spanish shorthand >>
(babel)             in language append on input line 157.
Package babel Info: Redefining spanish shorthand "=
(babel)             in language append on input line 157.
Package babel Info: Redefining spanish shorthand "~
(babel)             in language append on input line 157.
Package babel Info: Redefining spanish shorthand "!
(babel)             in language append on input line 157.
Package babel Info: Redefining spanish shorthand "?
(babel)             in language append on input line 157.
[5 <./colMap.jpg> <./borderMap.jpg>]
Package babel Info: Redefining spanish shorthand <<
(babel)             in language append on input line 160.
Package babel Info: Redefining spanish shorthand >>
(babel)             in language append on input line 160.
Package babel Info: Redefining spanish shorthand "=
(babel)             in language append on input line 160.
Package babel Info: Redefining spanish shorthand "~
(babel)             in language append on input line 160.
Package babel Info: Redefining spanish shorthand "!
(babel)             in language append on input line 160.
Package babel Info: Redefining spanish shorthand "?
(babel)             in language append on input line 160.
Package babel Info: Redefining spanish shorthand <<
(babel)             in language append on input line 166.
Package babel Info: Redefining spanish shorthand >>
(babel)             in language append on input line 166.
Package babel Info: Redefining spanish shorthand "=
(babel)             in language append on input line 166.
Package babel Info: Redefining spanish shorthand "~
(babel)             in language append on input line 166.
Package babel Info: Redefining spanish shorthand "!
(babel)             in language append on input line 166.
Package babel Info: Redefining spanish shorthand "?
(babel)             in language append on input line 166.

Overfull \hbox (9.16797pt too wide) in paragraph at lines 168--169
[]\T1/lmr/m/n/10 Las tres versiones sobre las que experimentaremos son, el A* s
in modificaciones,
 []

Package babel Info: Redefining spanish shorthand <<
(babel)             in language append on input line 170.
Package babel Info: Redefining spanish shorthand >>
(babel)             in language append on input line 170.
Package babel Info: Redefining spanish shorthand "=
(babel)             in language append on input line 170.
Package babel Info: Redefining spanish shorthand "~
(babel)             in language append on input line 170.
Package babel Info: Redefining spanish shorthand "!
(babel)             in language append on input line 170.
Package babel Info: Redefining spanish shorthand "?
(babel)             in language append on input line 170.
Package babel Info: Redefining spanish shorthand <<
(babel)             in language append on input line 170.
Package babel Info: Redefining spanish shorthand >>
(babel)             in language append on input line 170.
Package babel Info: Redefining spanish shorthand "=
(babel)             in language append on input line 170.
Package babel Info: Redefining spanish shorthand "~
(babel)             in language append on input line 170.
Package babel Info: Redefining spanish shorthand "!
(babel)             in language append on input line 170.
Package babel Info: Redefining spanish shorthand "?
(babel)             in language append on input line 170.
[6]
<A-sin-R2.png, id=106, 1927.2pt x 1056.94875pt>
File: A-sin-R2.png Graphic file (type png)
<use A-sin-R2.png>
Package pdftex.def Info: A-sin-R2.png  used on input line 174.
(pdftex.def)             Requested size: 276.00105pt x 151.35863pt.
<A-pesos-R2.png, id=107, 1927.2pt x 1056.94875pt>
File: A-pesos-R2.png Graphic file (type png)
<use A-pesos-R2.png>
Package pdftex.def Info: A-pesos-R2.png  used on input line 178.
(pdftex.def)             Requested size: 276.00105pt x 151.35863pt.
<A-HPA-R2.png, id=108, 1927.2pt x 1056.94875pt>
File: A-HPA-R2.png Graphic file (type png)
<use A-HPA-R2.png>
Package pdftex.def Info: A-HPA-R2.png  used on input line 182.
(pdftex.def)             Requested size: 276.00105pt x 151.35863pt.
Package babel Info: Redefining spanish shorthand <<
(babel)             in language append on input line 204.
Package babel Info: Redefining spanish shorthand >>
(babel)             in language append on input line 204.
Package babel Info: Redefining spanish shorthand "=
(babel)             in language append on input line 204.
Package babel Info: Redefining spanish shorthand "~
(babel)             in language append on input line 204.
Package babel Info: Redefining spanish shorthand "!
(babel)             in language append on input line 204.
Package babel Info: Redefining spanish shorthand "?
(babel)             in language append on input line 204.
Package babel Info: Redefining spanish shorthand <<
(babel)             in language append on input line 204.
Package babel Info: Redefining spanish shorthand >>
(babel)             in language append on input line 204.
Package babel Info: Redefining spanish shorthand "=
(babel)             in language append on input line 204.
Package babel Info: Redefining spanish shorthand "~
(babel)             in language append on input line 204.
Package babel Info: Redefining spanish shorthand "!
(babel)             in language append on input line 204.
Package babel Info: Redefining spanish shorthand "?
(babel)             in language append on input line 204.
 [7 <./A-sin-R2.png> <./A-pesos-R2.png> <./A-HPA-R2.png>]
Overfull \hbox (3.945pt too wide) in paragraph at lines 208--209
[]\T1/lmr/m/n/10 Por descontado, HPA* consigue un resultado considerablemente m
ejor aunque
 []

<HPA-DIF.png, id=114, 1927.2pt x 1056.94875pt>
File: HPA-DIF.png Graphic file (type png)
<use HPA-DIF.png>
Package pdftex.def Info: HPA-DIF.png  used on input line 212.
(pdftex.def)             Requested size: 276.00105pt x 151.35863pt.
Package babel Info: Redefining spanish shorthand <<
(babel)             in language append on input line 215.
Package babel Info: Redefining spanish shorthand >>
(babel)             in language append on input line 215.
Package babel Info: Redefining spanish shorthand "=
(babel)             in language append on input line 215.
Package babel Info: Redefining spanish shorthand "~
(babel)             in language append on input line 215.
Package babel Info: Redefining spanish shorthand "!
(babel)             in language append on input line 215.
Package babel Info: Redefining spanish shorthand "?
(babel)             in language append on input line 215.
Package babel Info: Redefining spanish shorthand <<
(babel)             in language append on input line 218.
Package babel Info: Redefining spanish shorthand >>
(babel)             in language append on input line 218.
Package babel Info: Redefining spanish shorthand "=
(babel)             in language append on input line 218.
Package babel Info: Redefining spanish shorthand "~
(babel)             in language append on input line 218.
Package babel Info: Redefining spanish shorthand "!
(babel)             in language append on input line 218.
Package babel Info: Redefining spanish shorthand "?
(babel)             in language append on input line 218.
Package babel Info: Redefining spanish shorthand <<
(babel)             in language append on input line 218.
Package babel Info: Redefining spanish shorthand >>
(babel)             in language append on input line 218.
Package babel Info: Redefining spanish shorthand "=
(babel)             in language append on input line 218.
Package babel Info: Redefining spanish shorthand "~
(babel)             in language append on input line 218.
Package babel Info: Redefining spanish shorthand "!
(babel)             in language append on input line 218.
Package babel Info: Redefining spanish shorthand "?
(babel)             in language append on input line 218.
[8 <./HPA-DIF.png>]
Package babel Info: Redefining spanish shorthand <<
(babel)             in language append on input line 221.
Package babel Info: Redefining spanish shorthand >>
(babel)             in language append on input line 221.
Package babel Info: Redefining spanish shorthand "=
(babel)             in language append on input line 221.
Package babel Info: Redefining spanish shorthand "~
(babel)             in language append on input line 221.
Package babel Info: Redefining spanish shorthand "!
(babel)             in language append on input line 221.
Package babel Info: Redefining spanish shorthand "?
(babel)             in language append on input line 221.

Overfull \hbox (13.19475pt too wide) in paragraph at lines 223--224
[]$\T1/lmtt/m/n/10 h t t p s : / / w e b d o c s . c s . u a l b e r t a . c a 
/~ m m u e l l e r / p s / h p a s t a r . p df$[]\T1/lmr/m/n/10 , Accedido
 []

Package atveryend Info: Empty hook `BeforeClearDocument' on input line 226.
Package babel Info: Redefining spanish shorthand <<
(babel)             in language append on input line 226.
Package babel Info: Redefining spanish shorthand >>
(babel)             in language append on input line 226.
Package babel Info: Redefining spanish shorthand "=
(babel)             in language append on input line 226.
Package babel Info: Redefining spanish shorthand "~
(babel)             in language append on input line 226.
Package babel Info: Redefining spanish shorthand "!
(babel)             in language append on input line 226.
Package babel Info: Redefining spanish shorthand "?
(babel)             in language append on input line 226.
Package babel Info: Redefining spanish shorthand <<
(babel)             in language append on input line 226.
Package babel Info: Redefining spanish shorthand >>
(babel)             in language append on input line 226.
Package babel Info: Redefining spanish shorthand "=
(babel)             in language append on input line 226.
Package babel Info: Redefining spanish shorthand "~
(babel)             in language append on input line 226.
Package babel Info: Redefining spanish shorthand "!
(babel)             in language append on input line 226.
Package babel Info: Redefining spanish shorthand "?
(babel)             in language append on input line 226.
[9]
Package atveryend Info: Empty hook `AfterLastShipout' on input line 226.
 (documentacion.aux
LaTeX Info: Redefining \. on input line 24.
LaTeX Info: Redefining \% on input line 24.
)
Package atveryend Info: Executing hook `AtVeryEndDocument' on input line 226.
Package atveryend Info: Executing hook `AtEndAfterFileList' on input line 226.
Package rerunfilecheck Info: File `documentacion.out' has not changed.
(rerunfilecheck)             Checksum: 9EC170441C79568AF2FA54FB0E4C7798;636.
Package atveryend Info: Empty hook `AtVeryVeryEnd' on input line 226.
 ) 
Here is how much of TeX's memory you used:
 10015 strings out of 495223
 140919 string characters out of 3181464
 257105 words of memory out of 3000000
 13114 multiletter control sequences out of 15000+200000
 61785 words of font info for 64 fonts, out of 3000000 for 9000
 0 hyphenation exceptions out of 8191
 33i,9n,49p,918b,1188s stack positions out of 5000i,500n,10000p,200000b,50000s
{/home/guillermo/.miktex/texmfs/install/fonts/enc/dvips/lm/lm-mathsy.enc}{/ho
me/guillermo/.miktex/texmfs/install/fonts/enc/dvips/lm/lm-rm.enc}{/home/guiller
mo/.miktex/texmfs/install/fonts/enc/dvips/lm/lm-mathit.enc}{/home/guillermo/.mi
ktex/texmfs/install/fonts/enc/dvips/lm/lm-mathex.enc}{/home/guillermo/.miktex/t
exmfs/install/fonts/enc/dvips/lm/lm-ec.enc}</home/guillermo/.miktex/texmfs/inst
all/fonts/type1/public/lm/lmbx10.pfb></home/guillermo/.miktex/texmfs/install/fo
nts/type1/public/lm/lmbx12.pfb></home/guillermo/.miktex/texmfs/install/fonts/ty
pe1/public/lm/lmex10.pfb></home/guillermo/.miktex/texmfs/install/fonts/type1/pu
blic/lm/lmmi10.pfb></home/guillermo/.miktex/texmfs/install/fonts/type1/public/l
m/lmmi7.pfb></home/guillermo/.miktex/texmfs/install/fonts/type1/public/lm/lmr10
.pfb></home/guillermo/.miktex/texmfs/install/fonts/type1/public/lm/lmr12.pfb></
home/guillermo/.miktex/texmfs/install/fonts/type1/public/lm/lmr17.pfb></home/gu
illermo/.miktex/texmfs/install/fonts/type1/public/lm/lmr7.pfb></home/guillermo/
.miktex/texmfs/install/fonts/type1/public/lm/lmri10.pfb></home/guillermo/.mikte
x/texmfs/install/fonts/type1/public/lm/lmsy10.pfb></home/guillermo/.miktex/texm
fs/install/fonts/type1/public/lm/lmsy7.pfb></home/guillermo/.miktex/texmfs/inst
all/fonts/type1/public/lm/lmtk10.pfb></home/guillermo/.miktex/texmfs/install/fo
nts/type1/public/lm/lmtt10.pfb>
Output written on documentacion.pdf (9 pages, 2113106 bytes).
PDF statistics:
 186 PDF objects out of 1000 (max. 8388607)
 30 named destinations out of 1000 (max. 500000)
 121 words of extra memory for PDF output out of 10000 (max. 10000000)

