Determining if the pthread_create exist failed with the following output:
Change Dir: /home/guillermo/UGR/TSI/PRACTICA/catkin_ws_navegacion/src/cmake-build-debug/CMakeFiles/CMakeTmp

Run Build Command:"/usr/bin/make" "cmTC_9292c/fast"
/usr/bin/make -f CMakeFiles/cmTC_9292c.dir/build.make CMakeFiles/cmTC_9292c.dir/build
make[1]: Entering directory '/home/guillermo/UGR/TSI/PRACTICA/catkin_ws_navegacion/src/cmake-build-debug/CMakeFiles/CMakeTmp'
Building C object CMakeFiles/cmTC_9292c.dir/CheckSymbolExists.c.o
/usr/bin/cc    -o CMakeFiles/cmTC_9292c.dir/CheckSymbolExists.c.o   -c /home/guillermo/UGR/TSI/PRACTICA/catkin_ws_navegacion/src/cmake-build-debug/CMakeFiles/CMakeTmp/CheckSymbolExists.c
Linking C executable cmTC_9292c
/home/guillermo/Downloads/clion-2018.1/bin/cmake/bin/cmake -E cmake_link_script CMakeFiles/cmTC_9292c.dir/link.txt --verbose=1
/usr/bin/cc      -rdynamic CMakeFiles/cmTC_9292c.dir/CheckSymbolExists.c.o  -o cmTC_9292c 
CMakeFiles/cmTC_9292c.dir/CheckSymbolExists.c.o: In function `main':
CheckSymbolExists.c:(.text+0x16): undefined reference to `pthread_create'
collect2: error: ld returned 1 exit status
CMakeFiles/cmTC_9292c.dir/build.make:97: recipe for target 'cmTC_9292c' failed
make[1]: *** [cmTC_9292c] Error 1
make[1]: Leaving directory '/home/guillermo/UGR/TSI/PRACTICA/catkin_ws_navegacion/src/cmake-build-debug/CMakeFiles/CMakeTmp'
Makefile:126: recipe for target 'cmTC_9292c/fast' failed
make: *** [cmTC_9292c/fast] Error 2

File /home/guillermo/UGR/TSI/PRACTICA/catkin_ws_navegacion/src/cmake-build-debug/CMakeFiles/CMakeTmp/CheckSymbolExists.c:
/* */
#include <pthread.h>

int main(int argc, char** argv)
{
  (void)argv;
#ifndef pthread_create
  return ((int*)(&pthread_create))[argc];
#else
  (void)argc;
  return 0;
#endif
}

Determining if the function pthread_create exists in the pthreads failed with the following output:
Change Dir: /home/guillermo/UGR/TSI/PRACTICA/catkin_ws_navegacion/src/cmake-build-debug/CMakeFiles/CMakeTmp

Run Build Command:"/usr/bin/make" "cmTC_61b61/fast"
/usr/bin/make -f CMakeFiles/cmTC_61b61.dir/build.make CMakeFiles/cmTC_61b61.dir/build
make[1]: Entering directory '/home/guillermo/UGR/TSI/PRACTICA/catkin_ws_navegacion/src/cmake-build-debug/CMakeFiles/CMakeTmp'
Building C object CMakeFiles/cmTC_61b61.dir/CheckFunctionExists.c.o
/usr/bin/cc   -DCHECK_FUNCTION_EXISTS=pthread_create   -o CMakeFiles/cmTC_61b61.dir/CheckFunctionExists.c.o   -c /home/guillermo/Downloads/clion-2018.1/bin/cmake/share/cmake-3.10/Modules/CheckFunctionExists.c
Linking C executable cmTC_61b61
/home/guillermo/Downloads/clion-2018.1/bin/cmake/bin/cmake -E cmake_link_script CMakeFiles/cmTC_61b61.dir/link.txt --verbose=1
/usr/bin/cc  -DCHECK_FUNCTION_EXISTS=pthread_create    -rdynamic CMakeFiles/cmTC_61b61.dir/CheckFunctionExists.c.o  -o cmTC_61b61 -lpthreads 
/usr/bin/ld: cannot find -lpthreads
collect2: error: ld returned 1 exit status
CMakeFiles/cmTC_61b61.dir/build.make:97: recipe for target 'cmTC_61b61' failed
make[1]: *** [cmTC_61b61] Error 1
make[1]: Leaving directory '/home/guillermo/UGR/TSI/PRACTICA/catkin_ws_navegacion/src/cmake-build-debug/CMakeFiles/CMakeTmp'
Makefile:126: recipe for target 'cmTC_61b61/fast' failed
make: *** [cmTC_61b61/fast] Error 2


